<?xml version="1.0" encoding="UTF-8" ?>
<!DOCTYPE struts PUBLIC
	"-//Apache Software Foundation//DTD Struts Configuration 2.3//EN"
	"http://struts.apache.org/dtds/struts-2.3.dtd">

<struts>

	<!-- 配置全局结果及异常映射 -->
	<package name="test" namespace="/test" extends="struts-default">
         <action name="test_*" class="com.text.action.TestAction" method="{1}">
            <result name="test">/WEB-INF/jsp/test.jsp</result>
         </action>
	</package>

</struts>
